Started by user [8mha:////4Fv2BD8nwofb2q2OfEbL7uSikvfcStpHF76bY2SBLWMEAAAAmB+LCAAAAAAAAP9b85aBtbiIQTGjNKU4P08vOT+vOD8nVc83PyU1x6OyILUoJzMv2y+/JJUBAhiZGBgqihhk0NSjKDWzXb3RdlLBUSYGJk8GtpzUvPSSDB8G5tKinBIGIZ+sxLJE/ZzEvHT94JKizLx0a6BxUmjGOUNodHsLgAyhEgYe/dLi1CL97MyizJwcAMHCxu7BAAAA[0mKirill Gvozdovskiy
Running as SYSTEM
Building in workspace C:\ProgramData\Jenkins\.jenkins\workspace\Bring It On
The recommended git tool is: NONE
No credentials specified
 > C:\Program Files\Git\bin\git.exe rev-parse --resolve-git-dir C:\ProgramData\Jenkins\.jenkins\workspace\Bring It On\.git # timeout=10
Fetching changes from the remote Git repository
 > C:\Program Files\Git\bin\git.exe config remote.origin.url https://github.com/vitalliuss/helloci # timeout=10
Fetching upstream changes from https://github.com/vitalliuss/helloci
 > C:\Program Files\Git\bin\git.exe --version # timeout=10
 > git --version # 'git version 2.41.0.windows.2'
 > C:\Program Files\Git\bin\git.exe fetch --tags --force --progress -- https://github.com/vitalliuss/helloci +refs/heads/*:refs/remotes/origin/* # timeout=10
 > C:\Program Files\Git\bin\git.exe rev-parse "refs/remotes/origin/master^{commit}" # timeout=10
Checking out Revision 71518a34152cb6c6039a2443ced60af30a31f14c (refs/remotes/origin/master)
 > C:\Program Files\Git\bin\git.exe config core.sparsecheckout # timeout=10
 > C:\Program Files\Git\bin\git.exe checkout -f 71518a34152cb6c6039a2443ced60af30a31f14c # timeout=10
Commit message: "Merge pull request #16 from EvgeniyRozhenko/fix-pom-utf8"
 > C:\Program Files\Git\bin\git.exe rev-list --no-walk 71518a34152cb6c6039a2443ced60af30a31f14c # timeout=10
[Bring It On] $ cmd.exe /C "C:\Soft\apache-maven-3.9.5-bin\apache-maven-3.9.5\bin\mvn.cmd -f Java/pom.xml test && exit %%ERRORLEVEL%%"
[INFO] Scanning for projects...
[INFO] 
[INFO] ---------------< com.github.vitalliuss.helloci:hello-ci >---------------
[INFO] Building hello-ci 1.0-SNAPSHOT
[INFO]   from pom.xml
[INFO] --------------------------------[ jar ]---------------------------------
[INFO] 
[INFO] --- resources:3.3.1:resources (default-resources) @ hello-ci ---
[INFO] skip non existing resourceDirectory C:\ProgramData\Jenkins\.jenkins\workspace\Bring It On\Java\src\main\resources
[INFO] 
[INFO] --- compiler:3.11.0:compile (default-compile) @ hello-ci ---
[INFO] Nothing to compile - all classes are up to date
[INFO] 
[INFO] --- resources:3.3.1:testResources (default-testResources) @ hello-ci ---
[INFO] skip non existing resourceDirectory C:\ProgramData\Jenkins\.jenkins\workspace\Bring It On\Java\src\test\resources
[INFO] 
[INFO] --- compiler:3.11.0:testCompile (default-testCompile) @ hello-ci ---
[INFO] Nothing to compile - all classes are up to date
[INFO] 
[INFO] --- surefire:3.0.0-M1:test (default-test) @ hello-ci ---
[INFO] 
[INFO] -------------------------------------------------------
[INFO]  T E S T S
[INFO] -------------------------------------------------------
[INFO] Running com.github.vitalliuss.helloci.AppTest
[8mha:////4HuZnph9HddM6iNYSz/fTvVNHTA6inYo+BfHzFR4s9ReAAAAYB+LCAAAAAAAAP9b85aBtbiIQSmjNKU4P0+vJLE4u1gvPjexLDVPzxdEuhYV5Rf55Zek1m9pfpLfVWLNxMBQUcQgBdWQnJ9XnJ+TqucMoUEKGSCAEaSwAABqVhoSYAAAAA==[0m[ERROR] Tests run: 5, Failures: 1, Errors: 0, Skipped: 1, Time elapsed: 0.137 s <<< FAILURE! - in com.github.vitalliuss.helloci.AppTest
[8mha:////4HuZnph9HddM6iNYSz/fTvVNHTA6inYo+BfHzFR4s9ReAAAAYB+LCAAAAAAAAP9b85aBtbiIQSmjNKU4P0+vJLE4u1gvPjexLDVPzxdEuhYV5Rf55Zek1m9pfpLfVWLNxMBQUcQgBdWQnJ9XnJ+TqucMoUEKGSCAEaSwAABqVhoSYAAAAA==[0m[ERROR] testShouldBeFailed(com.github.vitalliuss.helloci.AppTest)  Time elapsed: 0.024 s  <<< FAILURE!
java.lang.AssertionError
	at com.github.vitalliuss.helloci.AppTest.testShouldBeFailed(AppTest.java:21)

[INFO] 
[INFO] Results:
[INFO] 
[8mha:////4HuZnph9HddM6iNYSz/fTvVNHTA6inYo+BfHzFR4s9ReAAAAYB+LCAAAAAAAAP9b85aBtbiIQSmjNKU4P0+vJLE4u1gvPjexLDVPzxdEuhYV5Rf55Zek1m9pfpLfVWLNxMBQUcQgBdWQnJ9XnJ+TqucMoUEKGSCAEaSwAABqVhoSYAAAAA==[0m[ERROR] Failures: 
[8mha:////4HuZnph9HddM6iNYSz/fTvVNHTA6inYo+BfHzFR4s9ReAAAAYB+LCAAAAAAAAP9b85aBtbiIQSmjNKU4P0+vJLE4u1gvPjexLDVPzxdEuhYV5Rf55Zek1m9pfpLfVWLNxMBQUcQgBdWQnJ9XnJ+TqucMoUEKGSCAEaSwAABqVhoSYAAAAA==[0m[ERROR]   AppTest.testShouldBeFailed:21
[INFO] 
[8mha:////4HuZnph9HddM6iNYSz/fTvVNHTA6inYo+BfHzFR4s9ReAAAAYB+LCAAAAAAAAP9b85aBtbiIQSmjNKU4P0+vJLE4u1gvPjexLDVPzxdEuhYV5Rf55Zek1m9pfpLfVWLNxMBQUcQgBdWQnJ9XnJ+TqucMoUEKGSCAEaSwAABqVhoSYAAAAA==[0m[ERROR] Tests run: 5, Failures: 1, Errors: 0, Skipped: 1
[INFO] 
[INFO] ------------------------------------------------------------------------
[INFO] BUILD FAILURE
[INFO] ------------------------------------------------------------------------
[INFO] Total time:  4.322 s
[INFO] Finished at: 2023-10-20T11:59:22+03:00
[INFO] ------------------------------------------------------------------------
[8mha:////4HuZnph9HddM6iNYSz/fTvVNHTA6inYo+BfHzFR4s9ReAAAAYB+LCAAAAAAAAP9b85aBtbiIQSmjNKU4P0+vJLE4u1gvPjexLDVPzxdEuhYV5Rf55Zek1m9pfpLfVWLNxMBQUcQgBdWQnJ9XnJ+TqucMoUEKGSCAEaSwAABqVhoSYAAAAA==[0m[ERROR] Failed to execute goal org.apache.maven.plugins:maven-surefire-plugin:3.0.0-M1:test (default-test) on project hello-ci: There are test failures.
[8mha:////4HuZnph9HddM6iNYSz/fTvVNHTA6inYo+BfHzFR4s9ReAAAAYB+LCAAAAAAAAP9b85aBtbiIQSmjNKU4P0+vJLE4u1gvPjexLDVPzxdEuhYV5Rf55Zek1m9pfpLfVWLNxMBQUcQgBdWQnJ9XnJ+TqucMoUEKGSCAEaSwAABqVhoSYAAAAA==[0m[ERROR] 
[8mha:////4HuZnph9HddM6iNYSz/fTvVNHTA6inYo+BfHzFR4s9ReAAAAYB+LCAAAAAAAAP9b85aBtbiIQSmjNKU4P0+vJLE4u1gvPjexLDVPzxdEuhYV5Rf55Zek1m9pfpLfVWLNxMBQUcQgBdWQnJ9XnJ+TqucMoUEKGSCAEaSwAABqVhoSYAAAAA==[0m[ERROR] Please refer to C:\ProgramData\Jenkins\.jenkins\workspace\Bring It On\Java\target\surefire-reports for the individual test results.
[8mha:////4HuZnph9HddM6iNYSz/fTvVNHTA6inYo+BfHzFR4s9ReAAAAYB+LCAAAAAAAAP9b85aBtbiIQSmjNKU4P0+vJLE4u1gvPjexLDVPzxdEuhYV5Rf55Zek1m9pfpLfVWLNxMBQUcQgBdWQnJ9XnJ+TqucMoUEKGSCAEaSwAABqVhoSYAAAAA==[0m[ERROR] Please refer to dump files (if any exist) [date].dump, [date]-jvmRun[N].dump and [date].dumpstream.
[8mha:////4HuZnph9HddM6iNYSz/fTvVNHTA6inYo+BfHzFR4s9ReAAAAYB+LCAAAAAAAAP9b85aBtbiIQSmjNKU4P0+vJLE4u1gvPjexLDVPzxdEuhYV5Rf55Zek1m9pfpLfVWLNxMBQUcQgBdWQnJ9XnJ+TqucMoUEKGSCAEaSwAABqVhoSYAAAAA==[0m[ERROR] -> [Help 1]
[8mha:////4HuZnph9HddM6iNYSz/fTvVNHTA6inYo+BfHzFR4s9ReAAAAYB+LCAAAAAAAAP9b85aBtbiIQSmjNKU4P0+vJLE4u1gvPjexLDVPzxdEuhYV5Rf55Zek1m9pfpLfVWLNxMBQUcQgBdWQnJ9XnJ+TqucMoUEKGSCAEaSwAABqVhoSYAAAAA==[0m[ERROR] 
[8mha:////4HuZnph9HddM6iNYSz/fTvVNHTA6inYo+BfHzFR4s9ReAAAAYB+LCAAAAAAAAP9b85aBtbiIQSmjNKU4P0+vJLE4u1gvPjexLDVPzxdEuhYV5Rf55Zek1m9pfpLfVWLNxMBQUcQgBdWQnJ9XnJ+TqucMoUEKGSCAEaSwAABqVhoSYAAAAA==[0m[ERROR] To see the full stack trace of the errors, re-run Maven with the -e switch.
[8mha:////4HuZnph9HddM6iNYSz/fTvVNHTA6inYo+BfHzFR4s9ReAAAAYB+LCAAAAAAAAP9b85aBtbiIQSmjNKU4P0+vJLE4u1gvPjexLDVPzxdEuhYV5Rf55Zek1m9pfpLfVWLNxMBQUcQgBdWQnJ9XnJ+TqucMoUEKGSCAEaSwAABqVhoSYAAAAA==[0m[ERROR] Re-run Maven using the -X switch to enable full debug logging.
[8mha:////4HuZnph9HddM6iNYSz/fTvVNHTA6inYo+BfHzFR4s9ReAAAAYB+LCAAAAAAAAP9b85aBtbiIQSmjNKU4P0+vJLE4u1gvPjexLDVPzxdEuhYV5Rf55Zek1m9pfpLfVWLNxMBQUcQgBdWQnJ9XnJ+TqucMoUEKGSCAEaSwAABqVhoSYAAAAA==[0m[ERROR] 
[8mha:////4HuZnph9HddM6iNYSz/fTvVNHTA6inYo+BfHzFR4s9ReAAAAYB+LCAAAAAAAAP9b85aBtbiIQSmjNKU4P0+vJLE4u1gvPjexLDVPzxdEuhYV5Rf55Zek1m9pfpLfVWLNxMBQUcQgBdWQnJ9XnJ+TqucMoUEKGSCAEaSwAABqVhoSYAAAAA==[0m[ERROR] For more information about the errors and possible solutions, please read the following articles:
[8mha:////4HuZnph9HddM6iNYSz/fTvVNHTA6inYo+BfHzFR4s9ReAAAAYB+LCAAAAAAAAP9b85aBtbiIQSmjNKU4P0+vJLE4u1gvPjexLDVPzxdEuhYV5Rf55Zek1m9pfpLfVWLNxMBQUcQgBdWQnJ9XnJ+TqucMoUEKGSCAEaSwAABqVhoSYAAAAA==[0m[ERROR] [Help 1] http://cwiki.apache.org/confluence/display/MAVEN/MojoFailureException
Build step 'Invoke top-level Maven targets' marked build as failure
Archiving artifacts
Finished: FAILURE
