Started by user [8mha:////4Fv2BD8nwofb2q2OfEbL7uSikvfcStpHF76bY2SBLWMEAAAAmB+LCAAAAAAAAP9b85aBtbiIQTGjNKU4P08vOT+vOD8nVc83PyU1x6OyILUoJzMv2y+/JJUBAhiZGBgqihhk0NSjKDWzXb3RdlLBUSYGJk8GtpzUvPSSDB8G5tKinBIGIZ+sxLJE/ZzEvHT94JKizLx0a6BxUmjGOUNodHsLgAyhEgYe/dLi1CL97MyizJwcAMHCxu7BAAAA[0mKirill Gvozdovskiy
Running as SYSTEM
Building remotely on [8mha:////4AnkiZBXph7m2/v5mfCInbxsWuDxfdI5ID8z4Chm7kqLAAAAnB+LCAAAAAAAAP9b85aBtbiIQTGjNKU4P08vOT+vOD8nVc83PyU1x6OyILUoJzMv2y+/JJUBAhiZGBgqihhk0NSjKDWzXb3RdlLBUSYGJk8GtpzUvPSSDB8G5tKinBIGIZ+sxLJE/ZzEvHT94JKizLx0a6BxUmjGOUNodHsLgAy2EgYB/eT83ILSktQifZ/UvPyyfAD5lPSsxQAAAA==[0mLenovo (win11 x64) in workspace C:\Labs\Software_testing\Software_testing_labs\Lab5\slave\workspace\Bring It On
The recommended git tool is: NONE
No credentials specified
Cloning the remote Git repository
Cloning repository https://github.com/vitalliuss/helloci
 > C:\Program Files\Git\bin\git.exe init C:\Labs\Software_testing\Software_testing_labs\Lab5\slave\workspace\Bring It On # timeout=10
Fetching upstream changes from https://github.com/vitalliuss/helloci
 > C:\Program Files\Git\bin\git.exe --version # timeout=10
 > git --version # 'git version 2.41.0.windows.2'
 > C:\Program Files\Git\bin\git.exe fetch --tags --force --progress -- https://github.com/vitalliuss/helloci +refs/heads/*:refs/remotes/origin/* # timeout=10
 > C:\Program Files\Git\bin\git.exe config remote.origin.url https://github.com/vitalliuss/helloci # timeout=10
 > C:\Program Files\Git\bin\git.exe config --add remote.origin.fetch +refs/heads/*:refs/remotes/origin/* # timeout=10
Avoid second fetch
 > C:\Program Files\Git\bin\git.exe rev-parse "refs/remotes/origin/master^{commit}" # timeout=10
Checking out Revision 71518a34152cb6c6039a2443ced60af30a31f14c (refs/remotes/origin/master)
 > C:\Program Files\Git\bin\git.exe config core.sparsecheckout # timeout=10
 > C:\Program Files\Git\bin\git.exe checkout -f 71518a34152cb6c6039a2443ced60af30a31f14c # timeout=10
Commit message: "Merge pull request #16 from EvgeniyRozhenko/fix-pom-utf8"
 > C:\Program Files\Git\bin\git.exe rev-list --no-walk 71518a34152cb6c6039a2443ced60af30a31f14c # timeout=10
[Bring It On] $ cmd.exe /C "C:\Soft\apache-maven-3.9.5-bin\apache-maven-3.9.5\bin\mvn.cmd -f Java/pom.xml test && exit %%ERRORLEVEL%%"
[INFO] Scanning for projects...
[INFO] 
[INFO] ---------------< com.github.vitalliuss.helloci:hello-ci >---------------
[INFO] Building hello-ci 1.0-SNAPSHOT
[INFO]   from pom.xml
[INFO] --------------------------------[ jar ]---------------------------------
Downloading from central: https://repo.maven.apache.org/maven2/org/apache/maven/plugins/maven-surefire-plugin/3.0.0-M1/maven-surefire-plugin-3.0.0-M1.pom
Progress (1): 1.4/6.4 kBProgress (1): 2.8/6.4 kBProgress (1): 4.1/6.4 kBProgress (1): 5.5/6.4 kBProgress (1): 6.4 kB                        Downloaded from central: https://repo.maven.apache.org/maven2/org/apache/maven/plugins/maven-surefire-plugin/3.0.0-M1/maven-surefire-plugin-3.0.0-M1.pom (6.4 kB at 4.9 kB/s)
Downloading from central: https://repo.maven.apache.org/maven2/org/apache/maven/surefire/surefire/3.0.0-M1/surefire-3.0.0-M1.pom
Progress (1): 1.4/22 kBProgress (1): 2.8/22 kBProgress (1): 4.1/22 kBProgress (1): 5.5/22 kBProgress (1): 6.9/22 kBProgress (1): 8.3/22 kBProgress (1): 9.7/22 kBProgress (1): 11/22 kB Progress (1): 12/22 kBProgress (1): 14/22 kBProgress (1): 15/22 kBProgress (1): 17/22 kBProgress (1): 18/22 kBProgress (1): 19/22 kBProgress (1): 21/22 kBProgress (1): 22/22 kBProgress (1): 22 kB                      Downloaded from central: https://repo.maven.apache.org/maven2/org/apache/maven/surefire/surefire/3.0.0-M1/surefire-3.0.0-M1.pom (22 kB at 111 kB/s)
Downloading from central: https://repo.maven.apache.org/maven2/org/apache/maven/plugins/maven-surefire-plugin/3.0.0-M1/maven-surefire-plugin-3.0.0-M1.jar
Progress (1): 1.4/40 kBProgress (1): 2.8/40 kBProgress (1): 4.1/40 kBProgress (1): 5.5/40 kBProgress (1): 6.9/40 kBProgress (1): 8.3/40 kBProgress (1): 9.7/40 kBProgress (1): 11/40 kB Progress (1): 12/40 kBProgress (1): 14/40 kBProgress (1): 15/40 kBProgress (1): 16/40 kBProgress (1): 32/40 kBProgress (1): 40 kB                      Downloaded from central: https://repo.maven.apache.org/maven2/org/apache/maven/plugins/maven-surefire-plugin/3.0.0-M1/maven-surefire-plugin-3.0.0-M1.jar (40 kB at 241 kB/s)
Downloading from central: https://repo.maven.apache.org/maven2/junit/junit/4.13.2/junit-4.13.2.pom
Progress (1): 16/27 kBProgress (1): 27 kB                      Downloaded from central: https://repo.maven.apache.org/maven2/junit/junit/4.13.2/junit-4.13.2.pom (27 kB at 185 kB/s)
Downloading from central: https://repo.maven.apache.org/maven2/org/hamcrest/hamcrest-core/1.3/hamcrest-core-1.3.pom
Progress (1): 766 B                   Downloaded from central: https://repo.maven.apache.org/maven2/org/hamcrest/hamcrest-core/1.3/hamcrest-core-1.3.pom (766 B at 8.3 kB/s)
Downloading from central: https://repo.maven.apache.org/maven2/org/hamcrest/hamcrest-parent/1.3/hamcrest-parent-1.3.pom
Progress (1): 2.0 kB                    Downloaded from central: https://repo.maven.apache.org/maven2/org/hamcrest/hamcrest-parent/1.3/hamcrest-parent-1.3.pom (2.0 kB at 26 kB/s)
Downloading from central: https://repo.maven.apache.org/maven2/junit/junit/4.13.2/junit-4.13.2.jar
Progress (1): 16/385 kBProgress (1): 32/385 kBProgress (1): 49/385 kBProgress (1): 65/385 kBProgress (1): 81/385 kBProgress (1): 98/385 kBProgress (1): 114/385 kBProgress (1): 130/385 kBProgress (1): 147/385 kBProgress (1): 163/385 kBProgress (1): 180/385 kBProgress (1): 196/385 kBProgress (1): 212/385 kBProgress (1): 229/385 kBProgress (1): 245/385 kBProgress (1): 262/385 kBProgress (1): 278/385 kBProgress (1): 294/385 kBProgress (1): 311/385 kBProgress (1): 327/385 kBProgress (1): 343/385 kBProgress (1): 360/385 kBProgress (1): 376/385 kBProgress (1): 385 kB                        Downloaded from central: https://repo.maven.apache.org/maven2/junit/junit/4.13.2/junit-4.13.2.jar (385 kB at 1.2 MB/s)
Downloading from central: https://repo.maven.apache.org/maven2/org/hamcrest/hamcrest-core/1.3/hamcrest-core-1.3.jar
Progress (1): 16/45 kBProgress (1): 32/45 kBProgress (1): 45 kB                      Downloaded from central: https://repo.maven.apache.org/maven2/org/hamcrest/hamcrest-core/1.3/hamcrest-core-1.3.jar (45 kB at 409 kB/s)
[INFO] 
[INFO] --- resources:3.3.1:resources (default-resources) @ hello-ci ---
[INFO] skip non existing resourceDirectory C:\Labs\Software_testing\Software_testing_labs\Lab5\slave\workspace\Bring It On\Java\src\main\resources
[INFO] 
[INFO] --- compiler:3.11.0:compile (default-compile) @ hello-ci ---
[INFO] Changes detected - recompiling the module! :source
[INFO] Compiling 2 source files with javac [debug target 1.8] to target\classes
[8mha:////4N8kTfhtmqN9ZL5y5X3QDEi30bIHrZpcieqXFFblZjDxAAAAYh+LCAAAAAAAAP9b85aBtbiIQSWjNKU4P0+vJLE4u1gvPjexLDVPzxdEhicW5WXmpfvll6SeOJwgmrt9CSsTA0NFEYMUVEtyfl5xfk6qnjOEBilkgABGkMICAEQzmI1iAAAA[0m[WARNING] bootstrap class path not set in conjunction with -source 8
[8mha:////4N8kTfhtmqN9ZL5y5X3QDEi30bIHrZpcieqXFFblZjDxAAAAYh+LCAAAAAAAAP9b85aBtbiIQSWjNKU4P0+vJLE4u1gvPjexLDVPzxdEhicW5WXmpfvll6SeOJwgmrt9CSsTA0NFEYMUVEtyfl5xfk6qnjOEBilkgABGkMICAEQzmI1iAAAA[0m[WARNING] source value 8 is obsolete and will be removed in a future release
[8mha:////4N8kTfhtmqN9ZL5y5X3QDEi30bIHrZpcieqXFFblZjDxAAAAYh+LCAAAAAAAAP9b85aBtbiIQSWjNKU4P0+vJLE4u1gvPjexLDVPzxdEhicW5WXmpfvll6SeOJwgmrt9CSsTA0NFEYMUVEtyfl5xfk6qnjOEBilkgABGkMICAEQzmI1iAAAA[0m[WARNING] target value 8 is obsolete and will be removed in a future release
[8mha:////4N8kTfhtmqN9ZL5y5X3QDEi30bIHrZpcieqXFFblZjDxAAAAYh+LCAAAAAAAAP9b85aBtbiIQSWjNKU4P0+vJLE4u1gvPjexLDVPzxdEhicW5WXmpfvll6SeOJwgmrt9CSsTA0NFEYMUVEtyfl5xfk6qnjOEBilkgABGkMICAEQzmI1iAAAA[0m[WARNING] To suppress warnings about obsolete options, use -Xlint:-options.
[INFO] 
[INFO] --- resources:3.3.1:testResources (default-testResources) @ hello-ci ---
[INFO] skip non existing resourceDirectory C:\Labs\Software_testing\Software_testing_labs\Lab5\slave\workspace\Bring It On\Java\src\test\resources
[INFO] 
[INFO] --- compiler:3.11.0:testCompile (default-testCompile) @ hello-ci ---
[INFO] Changes detected - recompiling the module! :dependency
[INFO] Compiling 1 source file with javac [debug target 1.8] to target\test-classes
[8mha:////4N8kTfhtmqN9ZL5y5X3QDEi30bIHrZpcieqXFFblZjDxAAAAYh+LCAAAAAAAAP9b85aBtbiIQSWjNKU4P0+vJLE4u1gvPjexLDVPzxdEhicW5WXmpfvll6SeOJwgmrt9CSsTA0NFEYMUVEtyfl5xfk6qnjOEBilkgABGkMICAEQzmI1iAAAA[0m[WARNING] bootstrap class path not set in conjunction with -source 8
[8mha:////4N8kTfhtmqN9ZL5y5X3QDEi30bIHrZpcieqXFFblZjDxAAAAYh+LCAAAAAAAAP9b85aBtbiIQSWjNKU4P0+vJLE4u1gvPjexLDVPzxdEhicW5WXmpfvll6SeOJwgmrt9CSsTA0NFEYMUVEtyfl5xfk6qnjOEBilkgABGkMICAEQzmI1iAAAA[0m[WARNING] source value 8 is obsolete and will be removed in a future release
[8mha:////4N8kTfhtmqN9ZL5y5X3QDEi30bIHrZpcieqXFFblZjDxAAAAYh+LCAAAAAAAAP9b85aBtbiIQSWjNKU4P0+vJLE4u1gvPjexLDVPzxdEhicW5WXmpfvll6SeOJwgmrt9CSsTA0NFEYMUVEtyfl5xfk6qnjOEBilkgABGkMICAEQzmI1iAAAA[0m[WARNING] target value 8 is obsolete and will be removed in a future release
[8mha:////4N8kTfhtmqN9ZL5y5X3QDEi30bIHrZpcieqXFFblZjDxAAAAYh+LCAAAAAAAAP9b85aBtbiIQSWjNKU4P0+vJLE4u1gvPjexLDVPzxdEhicW5WXmpfvll6SeOJwgmrt9CSsTA0NFEYMUVEtyfl5xfk6qnjOEBilkgABGkMICAEQzmI1iAAAA[0m[WARNING] To suppress warnings about obsolete options, use -Xlint:-options.
[INFO] 
[INFO] --- surefire:3.0.0-M1:test (default-test) @ hello-ci ---
Downloading from central: https://repo.maven.apache.org/maven2/org/apache/maven/surefire/maven-surefire-common/3.0.0-M1/maven-surefire-common-3.0.0-M1.pom
Progress (1): 9.7 kB                    Downloaded from central: https://repo.maven.apache.org/maven2/org/apache/maven/surefire/maven-surefire-common/3.0.0-M1/maven-surefire-common-3.0.0-M1.pom (9.7 kB at 56 kB/s)
Downloading from central: https://repo.maven.apache.org/maven2/org/apache/maven/surefire/surefire-api/3.0.0-M1/surefire-api-3.0.0-M1.pom
Progress (1): 3.5 kB                    Downloaded from central: https://repo.maven.apache.org/maven2/org/apache/maven/surefire/surefire-api/3.0.0-M1/surefire-api-3.0.0-M1.pom (3.5 kB at 31 kB/s)
Downloading from central: https://repo.maven.apache.org/maven2/org/apache/maven/surefire/surefire-logger-api/3.0.0-M1/surefire-logger-api-3.0.0-M1.pom
Progress (1): 2.0 kB                    Downloaded from central: https://repo.maven.apache.org/maven2/org/apache/maven/surefire/surefire-logger-api/3.0.0-M1/surefire-logger-api-3.0.0-M1.pom (2.0 kB at 25 kB/s)
Downloading from central: https://repo.maven.apache.org/maven2/org/apache/maven/surefire/surefire-booter/3.0.0-M1/surefire-booter-3.0.0-M1.pom
Progress (1): 7.4 kB                    Downloaded from central: https://repo.maven.apache.org/maven2/org/apache/maven/surefire/surefire-booter/3.0.0-M1/surefire-booter-3.0.0-M1.pom (7.4 kB at 85 kB/s)
Downloading from central: https://repo.maven.apache.org/maven2/org/apache/maven/maven-toolchain/3.0-alpha-2/maven-toolchain-3.0-alpha-2.pom
Progress (1): 2.2 kB                    Downloaded from central: https://repo.maven.apache.org/maven2/org/apache/maven/maven-toolchain/3.0-alpha-2/maven-toolchain-3.0-alpha-2.pom (2.2 kB at 22 kB/s)
Downloading from central: https://repo.maven.apache.org/maven2/org/apache/maven/maven/3.0-alpha-2/maven-3.0-alpha-2.pom
Progress (1): 16/21 kBProgress (1): 21 kB                      Downloaded from central: https://repo.maven.apache.org/maven2/org/apache/maven/maven/3.0-alpha-2/maven-3.0-alpha-2.pom (21 kB at 206 kB/s)
Downloading from central: https://repo.maven.apache.org/maven2/org/apache/maven/maven-compat/3.0/maven-compat-3.0.pom
Progress (1): 4.0 kB                    Downloaded from central: https://repo.maven.apache.org/maven2/org/apache/maven/maven-compat/3.0/maven-compat-3.0.pom (4.0 kB at 33 kB/s)
Downloading from central: https://repo.maven.apache.org/maven2/org/apache/maven/wagon/wagon-provider-api/1.0-beta-6/wagon-provider-api-1.0-beta-6.pom
Progress (1): 1.8 kB                    Downloaded from central: https://repo.maven.apache.org/maven2/org/apache/maven/wagon/wagon-provider-api/1.0-beta-6/wagon-provider-api-1.0-beta-6.pom (1.8 kB at 18 kB/s)
Downloading from central: https://repo.maven.apache.org/maven2/org/apache/maven/wagon/wagon/1.0-beta-6/wagon-1.0-beta-6.pom
Progress (1): 12 kB                   Downloaded from central: https://repo.maven.apache.org/maven2/org/apache/maven/wagon/wagon/1.0-beta-6/wagon-1.0-beta-6.pom (12 kB at 98 kB/s)
Downloading from central: https://repo.maven.apache.org/maven2/org/codehaus/plexus/plexus-utils/1.4.2/plexus-utils-1.4.2.pom
Progress (1): 2.0 kB                    Downloaded from central: https://repo.maven.apache.org/maven2/org/codehaus/plexus/plexus-utils/1.4.2/plexus-utils-1.4.2.pom (2.0 kB at 19 kB/s)
Downloading from central: https://repo.maven.apache.org/maven2/org/codehaus/plexus/plexus-java/0.9.11/plexus-java-0.9.11.pom
Progress (1): 4.6 kB                    Downloaded from central: https://repo.maven.apache.org/maven2/org/codehaus/plexus/plexus-java/0.9.11/plexus-java-0.9.11.pom (4.6 kB at 55 kB/s)
Downloading from central: https://repo.maven.apache.org/maven2/org/codehaus/plexus/plexus-languages/0.9.11/plexus-languages-0.9.11.pom
Progress (1): 4.1 kB                    Downloaded from central: https://repo.maven.apache.org/maven2/org/codehaus/plexus/plexus-languages/0.9.11/plexus-languages-0.9.11.pom (4.1 kB at 39 kB/s)
Downloading from central: https://repo.maven.apache.org/maven2/org/ow2/asm/asm/7.0-beta/asm-7.0-beta.pom
Progress (1): 2.9 kB                    Downloaded from central: https://repo.maven.apache.org/maven2/org/ow2/asm/asm/7.0-beta/asm-7.0-beta.pom (2.9 kB at 38 kB/s)
Downloading from central: https://repo.maven.apache.org/maven2/com/thoughtworks/qdox/qdox/2.0-M9/qdox-2.0-M9.pom
Progress (1): 16 kB                   Downloaded from central: https://repo.maven.apache.org/maven2/com/thoughtworks/qdox/qdox/2.0-M9/qdox-2.0-M9.pom (16 kB at 158 kB/s)
Downloading from central: https://repo.maven.apache.org/maven2/org/apache/maven/surefire/maven-surefire-common/3.0.0-M1/maven-surefire-common-3.0.0-M1.jar
Progress (1): 16/625 kBProgress (1): 33/625 kBProgress (1): 49/625 kBProgress (1): 66/625 kBProgress (1): 82/625 kBProgress (1): 98/625 kBProgress (1): 115/625 kBProgress (1): 131/625 kBProgress (1): 147/625 kBProgress (1): 164/625 kBProgress (1): 180/625 kBProgress (1): 197/625 kBProgress (1): 213/625 kBProgress (1): 229/625 kBProgress (1): 246/625 kBProgress (1): 262/625 kBProgress (1): 279/625 kBProgress (1): 295/625 kBProgress (1): 311/625 kBProgress (1): 328/625 kBProgress (1): 344/625 kBProgress (1): 360/625 kBProgress (1): 377/625 kBProgress (1): 393/625 kBProgress (1): 410/625 kBProgress (1): 426/625 kBProgress (1): 442/625 kBProgress (1): 459/625 kBProgress (1): 475/625 kBProgress (1): 492/625 kBProgress (1): 508/625 kBProgress (1): 524/625 kBProgress (1): 541/625 kBProgress (1): 557/625 kBProgress (1): 573/625 kBProgress (1): 585/625 kBProgress (1): 601/625 kBProgress (1): 617/625 kBProgress (1): 625 kB                        Downloaded from central: https://repo.maven.apache.org/maven2/org/apache/maven/surefire/maven-surefire-common/3.0.0-M1/maven-surefire-common-3.0.0-M1.jar (625 kB at 858 kB/s)
Downloading from central: https://repo.maven.apache.org/maven2/org/apache/maven/surefire/surefire-api/3.0.0-M1/surefire-api-3.0.0-M1.jar
Downloading from central: https://repo.maven.apache.org/maven2/org/apache/maven/surefire/surefire-logger-api/3.0.0-M1/surefire-logger-api-3.0.0-M1.jar
Downloading from central: https://repo.maven.apache.org/maven2/org/apache/maven/surefire/surefire-booter/3.0.0-M1/surefire-booter-3.0.0-M1.jar
Downloading from central: https://repo.maven.apache.org/maven2/org/apache/maven/maven-toolchain/3.0-alpha-2/maven-toolchain-3.0-alpha-2.jar
Downloading from central: https://repo.maven.apache.org/maven2/org/codehaus/plexus/plexus-utils/2.0.4/plexus-utils-2.0.4.jar
Progress (1): 16/178 kBProgress (1): 32/178 kBProgress (1): 49/178 kBProgress (1): 65/178 kBProgress (1): 81/178 kBProgress (1): 98/178 kBProgress (1): 114/178 kBProgress (1): 130/178 kBProgress (1): 147/178 kBProgress (1): 163/178 kBProgress (1): 178 kB                        Downloaded from central: https://repo.maven.apache.org/maven2/org/apache/maven/surefire/surefire-api/3.0.0-M1/surefire-api-3.0.0-M1.jar (178 kB at 640 kB/s)
Downloading from central: https://repo.maven.apache.org/maven2/org/codehaus/plexus/plexus-component-annotations/1.7.1/plexus-component-annotations-1.7.1.jar
Progress (1): 1.4/36 kBProgress (1): 2.8/36 kBProgress (1): 4.1/36 kBProgress (1): 5.5/36 kBProgress (2): 5.5/36 kB | 4.3 kBProgress (2): 6.9/36 kB | 4.3 kBProgress (3): 6.9/36 kB | 4.3 kB | 1.4/222 kBProgress (4): 6.9/36 kB | 4.3 kB | 1.4/222 kB | 1.4/13 kBProgress (4): 6.9/36 kB | 4.3 kB | 1.4/222 kB | 2.8/13 kBProgress (4): 6.9/36 kB | 4.3 kB | 1.4/222 kB | 4.1/13 kBProgress (4): 8.3/36 kB | 4.3 kB | 1.4/222 kB | 4.1/13 kBProgress (4): 8.3/36 kB | 4.3 kB | 1.4/222 kB | 5.5/13 kBProgress (5): 8.3/36 kB | 4.3 kB | 1.4/222 kB | 5.5/13 kB | 1.4/312 kBProgress (5): 8.3/36 kB | 4.3 kB | 1.4/222 kB | 6.9/13 kB | 1.4/312 kBProgress (5): 9.7/36 kB | 4.3 kB | 1.4/222 kB | 6.9/13 kB | 1.4/312 kBProgress (5): 9.7/36 kB | 4.3 kB | 1.4/222 kB | 8.3/13 kB | 1.4/312 kBProgress (5): 9.7/36 kB | 4.3 kB | 1.4/222 kB | 8.3/13 kB | 2.8/312 kBProgress (5): 9.7/36 kB | 4.3 kB | 2.8/222 kB | 8.3/13 kB | 2.8/312 kBProgress (5): 9.7/36 kB | 4.3 kB | 2.8/222 kB | 9.7/13 kB | 2.8/312 kBProgress (5): 9.7/36 kB | 4.3 kB | 4.1/222 kB | 9.7/13 kB | 2.8/312 kBProgress (5): 11/36 kB | 4.3 kB | 4.1/222 kB | 9.7/13 kB | 2.8/312 kB Progress (5): 12/36 kB | 4.3 kB | 4.1/222 kB | 9.7/13 kB | 2.8/312 kBProgress (5): 14/36 kB | 4.3 kB | 4.1/222 kB | 9.7/13 kB | 2.8/312 kBProgress (5): 15/36 kB | 4.3 kB | 4.1/222 kB | 9.7/13 kB | 2.8/312 kBProgress (5): 16/36 kB | 4.3 kB | 4.1/222 kB | 9.7/13 kB | 2.8/312 kBProgress (5): 17/36 kB | 4.3 kB | 4.1/222 kB | 9.7/13 kB | 2.8/312 kBProgress (5): 17/36 kB | 4.3 kB | 5.5/222 kB | 9.7/13 kB | 2.8/312 kBProgress (5): 17/36 kB | 4.3 kB | 5.5/222 kB | 11/13 kB | 2.8/312 kB Progress (5): 17/36 kB | 4.3 kB | 5.5/222 kB | 11/13 kB | 4.1/312 kBProgress (5): 17/36 kB | 4.3 kB | 5.5/222 kB | 12/13 kB | 4.1/312 kBProgress (5): 17/36 kB | 4.3 kB | 6.9/222 kB | 12/13 kB | 4.1/312 kBProgress (5): 17/36 kB | 4.3 kB | 6.9/222 kB | 13 kB | 4.1/312 kB   Progress (5): 17/36 kB | 4.3 kB | 8.3/222 kB | 13 kB | 4.1/312 kBProgress (5): 19/36 kB | 4.3 kB | 8.3/222 kB | 13 kB | 4.1/312 kBProgress (5): 19/36 kB | 4.3 kB | 9.7/222 kB | 13 kB | 4.1/312 kBProgress (5): 19/36 kB | 4.3 kB | 9.7/222 kB | 13 kB | 5.5/312 kBProgress (5): 19/36 kB | 4.3 kB | 11/222 kB | 13 kB | 5.5/312 kB Progress (5): 19/36 kB | 4.3 kB | 11/222 kB | 13 kB | 6.9/312 kBProgress (5): 20/36 kB | 4.3 kB | 11/222 kB | 13 kB | 6.9/312 kBProgress (5): 20/36 kB | 4.3 kB | 11/222 kB | 13 kB | 8.3/312 kBProgress (5): 20/36 kB | 4.3 kB | 12/222 kB | 13 kB | 8.3/312 kBProgress (5): 21/36 kB | 4.3 kB | 12/222 kB | 13 kB | 8.3/312 kBProgress (5): 21/36 kB | 4.3 kB | 14/222 kB | 13 kB | 8.3/312 kBProgress (5): 21/36 kB | 4.3 kB | 14/222 kB | 13 kB | 9.7/312 kBProgress (5): 21/36 kB | 4.3 kB | 15/222 kB | 13 kB | 9.7/312 kBProgress (5): 23/36 kB | 4.3 kB | 15/222 kB | 13 kB | 9.7/312 kBProgress (5): 23/36 kB | 4.3 kB | 16/222 kB | 13 kB | 9.7/312 kBProgress (5): 24/36 kB | 4.3 kB | 16/222 kB | 13 kB | 9.7/312 kBProgress (5): 24/36 kB | 4.3 kB | 16/222 kB | 13 kB | 11/312 kB Progress (5): 25/36 kB | 4.3 kB | 16/222 kB | 13 kB | 11/312 kBProgress (5): 25/36 kB | 4.3 kB | 32/222 kB | 13 kB | 11/312 kBProgress (5): 27/36 kB | 4.3 kB | 32/222 kB | 13 kB | 11/312 kBProgress (5): 27/36 kB | 4.3 kB | 32/222 kB | 13 kB | 12/312 kB                                                               Downloaded from central: https://repo.maven.apache.org/maven2/org/apache/maven/surefire/surefire-logger-api/3.0.0-M1/surefire-logger-api-3.0.0-M1.jar (13 kB at 32 kB/s)
Progress (4): 27/36 kB | 4.3 kB | 32/222 kB | 14/312 kBProgress (4): 28/36 kB | 4.3 kB | 32/222 kB | 14/312 kB                                                       Downloading from central: https://repo.maven.apache.org/maven2/org/apache/maven/maven-compat/3.0/maven-compat-3.0.jar
Progress (4): 30/36 kB | 4.3 kB | 32/222 kB | 14/312 kBProgress (4): 31/36 kB | 4.3 kB | 32/222 kB | 14/312 kBProgress (4): 32/36 kB | 4.3 kB | 32/222 kB | 14/312 kBProgress (4): 32/36 kB | 4.3 kB | 32/222 kB | 15/312 kBProgress (4): 34/36 kB | 4.3 kB | 32/222 kB | 15/312 kBProgress (4): 35/36 kB | 4.3 kB | 32/222 kB | 15/312 kBProgress (4): 35/36 kB | 4.3 kB | 32/222 kB | 16/312 kBProgress (4): 36 kB | 4.3 kB | 32/222 kB | 16/312 kB   Progress (4): 36 kB | 4.3 kB | 32/222 kB | 32/312 kB                                                    Downloaded from central: https://repo.maven.apache.org/maven2/org/codehaus/plexus/plexus-component-annotations/1.7.1/plexus-component-annotations-1.7.1.jar (4.3 kB at 10 kB/s)
Downloading from central: https://repo.maven.apache.org/maven2/org/apache/maven/wagon/wagon-provider-api/1.0-beta-6/wagon-provider-api-1.0-beta-6.jar
Downloaded from central: https://repo.maven.apache.org/maven2/org/apache/maven/maven-toolchain/3.0-alpha-2/maven-toolchain-3.0-alpha-2.jar (36 kB at 83 kB/s)
Downloading from central: https://repo.maven.apache.org/maven2/org/codehaus/plexus/plexus-java/0.9.11/plexus-java-0.9.11.jar
Progress (2): 32/222 kB | 49/312 kBProgress (2): 49/222 kB | 49/312 kBProgress (2): 49/222 kB | 65/312 kBProgress (2): 65/222 kB | 65/312 kBProgress (2): 65/222 kB | 81/312 kBProgress (2): 81/222 kB | 81/312 kBProgress (2): 81/222 kB | 98/312 kBProgress (2): 98/222 kB | 98/312 kBProgress (2): 98/222 kB | 114/312 kBProgress (2): 114/222 kB | 114/312 kBProgress (2): 130/222 kB | 114/312 kBProgress (2): 130/222 kB | 130/312 kBProgress (3): 130/222 kB | 130/312 kB | 1.4/285 kBProgress (3): 130/222 kB | 130/312 kB | 2.8/285 kBProgress (3): 130/222 kB | 130/312 kB | 4.1/285 kBProgress (3): 130/222 kB | 130/312 kB | 5.5/285 kBProgress (3): 130/222 kB | 130/312 kB | 6.9/285 kBProgress (3): 130/222 kB | 130/312 kB | 8.3/285 kBProgress (3): 130/222 kB | 147/312 kB | 8.3/285 kBProgress (3): 130/222 kB | 147/312 kB | 9.7/285 kBProgress (3): 130/222 kB | 147/312 kB | 11/285 kB Progress (3): 130/222 kB | 147/312 kB | 12/285 kBProgress (3): 130/222 kB | 147/312 kB | 14/285 kBProgress (3): 130/222 kB | 147/312 kB | 15/285 kBProgress (3): 130/222 kB | 163/312 kB | 15/285 kBProgress (3): 130/222 kB | 163/312 kB | 16/285 kBProgress (4): 130/222 kB | 163/312 kB | 16/285 kB | 16/50 kBProgress (5): 130/222 kB | 163/312 kB | 16/285 kB | 16/50 kB | 16/53 kBProgress (5): 130/222 kB | 163/312 kB | 16/285 kB | 33/50 kB | 16/53 kBProgress (5): 130/222 kB | 163/312 kB | 16/285 kB | 49/50 kB | 16/53 kBProgress (5): 130/222 kB | 163/312 kB | 16/285 kB | 49/50 kB | 33/53 kBProgress (5): 147/222 kB | 163/312 kB | 16/285 kB | 49/50 kB | 33/53 kBProgress (5): 147/222 kB | 163/312 kB | 16/285 kB | 50 kB | 33/53 kB   Progress (5): 147/222 kB | 163/312 kB | 32/285 kB | 50 kB | 33/53 kBProgress (5): 147/222 kB | 180/312 kB | 32/285 kB | 50 kB | 33/53 kBProgress (5): 163/222 kB | 180/312 kB | 32/285 kB | 50 kB | 33/53 kB                                                                    Downloaded from central: https://repo.maven.apache.org/maven2/org/codehaus/plexus/plexus-java/0.9.11/plexus-java-0.9.11.jar (50 kB at 77 kB/s)
Downloading from central: https://repo.maven.apache.org/maven2/org/ow2/asm/asm/7.0-beta/asm-7.0-beta.jar
Progress (4): 163/222 kB | 196/312 kB | 32/285 kB | 33/53 kBProgress (4): 163/222 kB | 196/312 kB | 32/285 kB | 49/53 kBProgress (4): 163/222 kB | 196/312 kB | 32/285 kB | 53 kB   Progress (4): 180/222 kB | 196/312 kB | 32/285 kB | 53 kB                                                         Downloaded from central: https://repo.maven.apache.org/maven2/org/apache/maven/wagon/wagon-provider-api/1.0-beta-6/wagon-provider-api-1.0-beta-6.jar (53 kB at 79 kB/s)
Downloading from central: https://repo.maven.apache.org/maven2/com/thoughtworks/qdox/qdox/2.0-M9/qdox-2.0-M9.jar
Progress (3): 196/222 kB | 196/312 kB | 32/285 kBProgress (3): 212/222 kB | 196/312 kB | 32/285 kBProgress (3): 212/222 kB | 212/312 kB | 32/285 kBProgress (3): 212/222 kB | 229/312 kB | 32/285 kBProgress (3): 222 kB | 229/312 kB | 32/285 kB                                                 Downloaded from central: https://repo.maven.apache.org/maven2/org/codehaus/plexus/plexus-utils/2.0.4/plexus-utils-2.0.4.jar (222 kB at 232 kB/s)
Progress (2): 245/312 kB | 32/285 kBProgress (2): 262/312 kB | 32/285 kBProgress (2): 262/312 kB | 49/285 kBProgress (2): 278/312 kB | 49/285 kBProgress (2): 294/312 kB | 49/285 kBProgress (2): 311/312 kB | 49/285 kBProgress (2): 312 kB | 49/285 kB                                    Downloaded from central: https://repo.maven.apache.org/maven2/org/apache/maven/surefire/surefire-booter/3.0.0-M1/surefire-booter-3.0.0-M1.jar (312 kB at 314 kB/s)
Progress (1): 65/285 kBProgress (1): 81/285 kBProgress (1): 98/285 kBProgress (1): 114/285 kBProgress (2): 114/285 kB | 16/114 kBProgress (2): 114/285 kB | 33/114 kBProgress (3): 114/285 kB | 33/114 kB | 16/317 kBProgress (3): 114/285 kB | 49/114 kB | 16/317 kBProgress (3): 114/285 kB | 66/114 kB | 16/317 kBProgress (3): 114/285 kB | 82/114 kB | 16/317 kBProgress (3): 114/285 kB | 98/114 kB | 16/317 kBProgress (3): 114/285 kB | 98/114 kB | 32/317 kBProgress (3): 114/285 kB | 98/114 kB | 49/317 kBProgress (3): 114/285 kB | 114 kB | 49/317 kB   Progress (3): 114/285 kB | 114 kB | 65/317 kBProgress (3): 130/285 kB | 114 kB | 65/317 kBProgress (3): 147/285 kB | 114 kB | 65/317 kBProgress (3): 147/285 kB | 114 kB | 81/317 kBProgress (3): 147/285 kB | 114 kB | 98/317 kB                                             Downloaded from central: https://repo.maven.apache.org/maven2/org/ow2/asm/asm/7.0-beta/asm-7.0-beta.jar (114 kB at 103 kB/s)
Progress (2): 147/285 kB | 114/317 kBProgress (2): 163/285 kB | 114/317 kBProgress (2): 180/285 kB | 114/317 kBProgress (2): 180/285 kB | 130/317 kBProgress (2): 196/285 kB | 130/317 kBProgress (2): 196/285 kB | 147/317 kBProgress (2): 212/285 kB | 147/317 kBProgress (2): 212/285 kB | 163/317 kBProgress (2): 229/285 kB | 163/317 kBProgress (2): 245/285 kB | 163/317 kBProgress (2): 245/285 kB | 180/317 kBProgress (2): 262/285 kB | 180/317 kBProgress (2): 262/285 kB | 196/317 kBProgress (2): 278/285 kB | 196/317 kBProgress (2): 285 kB | 196/317 kB    Progress (2): 285 kB | 212/317 kBProgress (2): 285 kB | 229/317 kBProgress (2): 285 kB | 245/317 kBProgress (2): 285 kB | 262/317 kB                                 Downloaded from central: https://repo.maven.apache.org/maven2/org/apache/maven/maven-compat/3.0/maven-compat-3.0.jar (285 kB at 180 kB/s)
Progress (1): 278/317 kBProgress (1): 294/317 kBProgress (1): 311/317 kBProgress (1): 317 kB                        Downloaded from central: https://repo.maven.apache.org/maven2/com/thoughtworks/qdox/qdox/2.0-M9/qdox-2.0-M9.jar (317 kB at 189 kB/s)
Downloading from central: https://repo.maven.apache.org/maven2/org/apache/maven/surefire/surefire-junit4/3.0.0-M1/surefire-junit4-3.0.0-M1.jar
Progress (1): 16/17 kBProgress (1): 17 kB                      Downloaded from central: https://repo.maven.apache.org/maven2/org/apache/maven/surefire/surefire-junit4/3.0.0-M1/surefire-junit4-3.0.0-M1.jar (17 kB at 127 kB/s)
Downloading from central: https://repo.maven.apache.org/maven2/org/apache/maven/surefire/surefire-junit4/3.0.0-M1/surefire-junit4-3.0.0-M1.pom
Progress (1): 1.7 kB                    Downloaded from central: https://repo.maven.apache.org/maven2/org/apache/maven/surefire/surefire-junit4/3.0.0-M1/surefire-junit4-3.0.0-M1.pom (1.7 kB at 14 kB/s)
Downloading from central: https://repo.maven.apache.org/maven2/org/apache/maven/surefire/surefire-providers/3.0.0-M1/surefire-providers-3.0.0-M1.pom
Progress (1): 2.5 kB                    Downloaded from central: https://repo.maven.apache.org/maven2/org/apache/maven/surefire/surefire-providers/3.0.0-M1/surefire-providers-3.0.0-M1.pom (2.5 kB at 33 kB/s)
Downloading from central: https://repo.maven.apache.org/maven2/org/apache/maven/surefire/common-junit4/3.0.0-M1/common-junit4-3.0.0-M1.pom
Progress (1): 2.1 kB                    Downloaded from central: https://repo.maven.apache.org/maven2/org/apache/maven/surefire/common-junit4/3.0.0-M1/common-junit4-3.0.0-M1.pom (2.1 kB at 15 kB/s)
Downloading from central: https://repo.maven.apache.org/maven2/org/apache/maven/surefire/common-junit3/3.0.0-M1/common-junit3-3.0.0-M1.pom
Progress (1): 1.6 kB                    Downloaded from central: https://repo.maven.apache.org/maven2/org/apache/maven/surefire/common-junit3/3.0.0-M1/common-junit3-3.0.0-M1.pom (1.6 kB at 14 kB/s)
Downloading from central: https://repo.maven.apache.org/maven2/org/apache/maven/surefire/common-java5/3.0.0-M1/common-java5-3.0.0-M1.pom
Progress (1): 3.1 kB                    Downloaded from central: https://repo.maven.apache.org/maven2/org/apache/maven/surefire/common-java5/3.0.0-M1/common-java5-3.0.0-M1.pom (3.1 kB at 26 kB/s)
Downloading from central: https://repo.maven.apache.org/maven2/org/apache/maven/surefire/common-java5/3.0.0-M1/common-java5-3.0.0-M1.jar
Downloading from central: https://repo.maven.apache.org/maven2/org/apache/maven/surefire/common-junit4/3.0.0-M1/common-junit4-3.0.0-M1.jar
Downloading from central: https://repo.maven.apache.org/maven2/org/apache/maven/surefire/common-junit3/3.0.0-M1/common-junit3-3.0.0-M1.jar
Progress (1): 16/32 kBProgress (2): 16/32 kB | 16/28 kBProgress (2): 32 kB | 16/28 kB   Progress (3): 32 kB | 16/28 kB | 12 kBProgress (3): 32 kB | 28 kB | 12 kB                                      Downloaded from central: https://repo.maven.apache.org/maven2/org/apache/maven/surefire/common-java5/3.0.0-M1/common-java5-3.0.0-M1.jar (32 kB at 168 kB/s)
Downloaded from central: https://repo.maven.apache.org/maven2/org/apache/maven/surefire/common-junit3/3.0.0-M1/common-junit3-3.0.0-M1.jar (12 kB at 62 kB/s)
Downloaded from central: https://repo.maven.apache.org/maven2/org/apache/maven/surefire/common-junit4/3.0.0-M1/common-junit4-3.0.0-M1.jar (28 kB at 147 kB/s)
[INFO] 
[INFO] -------------------------------------------------------
[INFO]  T E S T S
[INFO] -------------------------------------------------------
[INFO] Running com.github.vitalliuss.helloci.AppTest
[8mha:////4HuZnph9HddM6iNYSz/fTvVNHTA6inYo+BfHzFR4s9ReAAAAYB+LCAAAAAAAAP9b85aBtbiIQSmjNKU4P0+vJLE4u1gvPjexLDVPzxdEuhYV5Rf55Zek1m9pfpLfVWLNxMBQUcQgBdWQnJ9XnJ+TqucMoUEKGSCAEaSwAABqVhoSYAAAAA==[0m[ERROR] Tests run: 5, Failures: 1, Errors: 0, Skipped: 1, Time elapsed: 0.158 s <<< FAILURE! - in com.github.vitalliuss.helloci.AppTest
[8mha:////4HuZnph9HddM6iNYSz/fTvVNHTA6inYo+BfHzFR4s9ReAAAAYB+LCAAAAAAAAP9b85aBtbiIQSmjNKU4P0+vJLE4u1gvPjexLDVPzxdEuhYV5Rf55Zek1m9pfpLfVWLNxMBQUcQgBdWQnJ9XnJ+TqucMoUEKGSCAEaSwAABqVhoSYAAAAA==[0m[ERROR] testShouldBeFailed(com.github.vitalliuss.helloci.AppTest)  Time elapsed: 0.033 s  <<< FAILURE!
java.lang.AssertionError
	at com.github.vitalliuss.helloci.AppTest.testShouldBeFailed(AppTest.java:21)

[INFO] 
[INFO] Results:
[INFO] 
[8mha:////4HuZnph9HddM6iNYSz/fTvVNHTA6inYo+BfHzFR4s9ReAAAAYB+LCAAAAAAAAP9b85aBtbiIQSmjNKU4P0+vJLE4u1gvPjexLDVPzxdEuhYV5Rf55Zek1m9pfpLfVWLNxMBQUcQgBdWQnJ9XnJ+TqucMoUEKGSCAEaSwAABqVhoSYAAAAA==[0m[ERROR] Failures: 
[8mha:////4HuZnph9HddM6iNYSz/fTvVNHTA6inYo+BfHzFR4s9ReAAAAYB+LCAAAAAAAAP9b85aBtbiIQSmjNKU4P0+vJLE4u1gvPjexLDVPzxdEuhYV5Rf55Zek1m9pfpLfVWLNxMBQUcQgBdWQnJ9XnJ+TqucMoUEKGSCAEaSwAABqVhoSYAAAAA==[0m[ERROR]   AppTest.testShouldBeFailed:21
[INFO] 
[8mha:////4HuZnph9HddM6iNYSz/fTvVNHTA6inYo+BfHzFR4s9ReAAAAYB+LCAAAAAAAAP9b85aBtbiIQSmjNKU4P0+vJLE4u1gvPjexLDVPzxdEuhYV5Rf55Zek1m9pfpLfVWLNxMBQUcQgBdWQnJ9XnJ+TqucMoUEKGSCAEaSwAABqVhoSYAAAAA==[0m[ERROR] Tests run: 5, Failures: 1, Errors: 0, Skipped: 1
[INFO] 
[INFO] ------------------------------------------------------------------------
[INFO] BUILD FAILURE
[INFO] ------------------------------------------------------------------------
[INFO] Total time:  14.562 s
[INFO] Finished at: 2023-10-20T12:14:14+03:00
[INFO] ------------------------------------------------------------------------
[8mha:////4HuZnph9HddM6iNYSz/fTvVNHTA6inYo+BfHzFR4s9ReAAAAYB+LCAAAAAAAAP9b85aBtbiIQSmjNKU4P0+vJLE4u1gvPjexLDVPzxdEuhYV5Rf55Zek1m9pfpLfVWLNxMBQUcQgBdWQnJ9XnJ+TqucMoUEKGSCAEaSwAABqVhoSYAAAAA==[0m[ERROR] Failed to execute goal org.apache.maven.plugins:maven-surefire-plugin:3.0.0-M1:test (default-test) on project hello-ci: There are test failures.
[8mha:////4HuZnph9HddM6iNYSz/fTvVNHTA6inYo+BfHzFR4s9ReAAAAYB+LCAAAAAAAAP9b85aBtbiIQSmjNKU4P0+vJLE4u1gvPjexLDVPzxdEuhYV5Rf55Zek1m9pfpLfVWLNxMBQUcQgBdWQnJ9XnJ+TqucMoUEKGSCAEaSwAABqVhoSYAAAAA==[0m[ERROR] 
[8mha:////4HuZnph9HddM6iNYSz/fTvVNHTA6inYo+BfHzFR4s9ReAAAAYB+LCAAAAAAAAP9b85aBtbiIQSmjNKU4P0+vJLE4u1gvPjexLDVPzxdEuhYV5Rf55Zek1m9pfpLfVWLNxMBQUcQgBdWQnJ9XnJ+TqucMoUEKGSCAEaSwAABqVhoSYAAAAA==[0m[ERROR] Please refer to C:\Labs\Software_testing\Software_testing_labs\Lab5\slave\workspace\Bring It On\Java\target\surefire-reports for the individual test results.
[8mha:////4HuZnph9HddM6iNYSz/fTvVNHTA6inYo+BfHzFR4s9ReAAAAYB+LCAAAAAAAAP9b85aBtbiIQSmjNKU4P0+vJLE4u1gvPjexLDVPzxdEuhYV5Rf55Zek1m9pfpLfVWLNxMBQUcQgBdWQnJ9XnJ+TqucMoUEKGSCAEaSwAABqVhoSYAAAAA==[0m[ERROR] Please refer to dump files (if any exist) [date].dump, [date]-jvmRun[N].dump and [date].dumpstream.
[8mha:////4HuZnph9HddM6iNYSz/fTvVNHTA6inYo+BfHzFR4s9ReAAAAYB+LCAAAAAAAAP9b85aBtbiIQSmjNKU4P0+vJLE4u1gvPjexLDVPzxdEuhYV5Rf55Zek1m9pfpLfVWLNxMBQUcQgBdWQnJ9XnJ+TqucMoUEKGSCAEaSwAABqVhoSYAAAAA==[0m[ERROR] -> [Help 1]
[8mha:////4HuZnph9HddM6iNYSz/fTvVNHTA6inYo+BfHzFR4s9ReAAAAYB+LCAAAAAAAAP9b85aBtbiIQSmjNKU4P0+vJLE4u1gvPjexLDVPzxdEuhYV5Rf55Zek1m9pfpLfVWLNxMBQUcQgBdWQnJ9XnJ+TqucMoUEKGSCAEaSwAABqVhoSYAAAAA==[0m[ERROR] 
[8mha:////4HuZnph9HddM6iNYSz/fTvVNHTA6inYo+BfHzFR4s9ReAAAAYB+LCAAAAAAAAP9b85aBtbiIQSmjNKU4P0+vJLE4u1gvPjexLDVPzxdEuhYV5Rf55Zek1m9pfpLfVWLNxMBQUcQgBdWQnJ9XnJ+TqucMoUEKGSCAEaSwAABqVhoSYAAAAA==[0m[ERROR] To see the full stack trace of the errors, re-run Maven with the -e switch.
[8mha:////4HuZnph9HddM6iNYSz/fTvVNHTA6inYo+BfHzFR4s9ReAAAAYB+LCAAAAAAAAP9b85aBtbiIQSmjNKU4P0+vJLE4u1gvPjexLDVPzxdEuhYV5Rf55Zek1m9pfpLfVWLNxMBQUcQgBdWQnJ9XnJ+TqucMoUEKGSCAEaSwAABqVhoSYAAAAA==[0m[ERROR] Re-run Maven using the -X switch to enable full debug logging.
[8mha:////4HuZnph9HddM6iNYSz/fTvVNHTA6inYo+BfHzFR4s9ReAAAAYB+LCAAAAAAAAP9b85aBtbiIQSmjNKU4P0+vJLE4u1gvPjexLDVPzxdEuhYV5Rf55Zek1m9pfpLfVWLNxMBQUcQgBdWQnJ9XnJ+TqucMoUEKGSCAEaSwAABqVhoSYAAAAA==[0m[ERROR] 
[8mha:////4HuZnph9HddM6iNYSz/fTvVNHTA6inYo+BfHzFR4s9ReAAAAYB+LCAAAAAAAAP9b85aBtbiIQSmjNKU4P0+vJLE4u1gvPjexLDVPzxdEuhYV5Rf55Zek1m9pfpLfVWLNxMBQUcQgBdWQnJ9XnJ+TqucMoUEKGSCAEaSwAABqVhoSYAAAAA==[0m[ERROR] For more information about the errors and possible solutions, please read the following articles:
[8mha:////4HuZnph9HddM6iNYSz/fTvVNHTA6inYo+BfHzFR4s9ReAAAAYB+LCAAAAAAAAP9b85aBtbiIQSmjNKU4P0+vJLE4u1gvPjexLDVPzxdEuhYV5Rf55Zek1m9pfpLfVWLNxMBQUcQgBdWQnJ9XnJ+TqucMoUEKGSCAEaSwAABqVhoSYAAAAA==[0m[ERROR] [Help 1] http://cwiki.apache.org/confluence/display/MAVEN/MojoFailureException
Build step 'Invoke top-level Maven targets' marked build as failure
Archiving artifacts
Finished: FAILURE
